build/app/intermediates/manifest_merge_blame_file/release/manifest-merger-blame-release-report.txt
1<?xml version="1.0" encoding="utf-8"?>
2<manifest xmlns:android="http://schemas.android.com/apk/res/android"
3    package="com.deliveryboy.multivendor"
4    android:versionCode="2"
5    android:versionName="1.0.0" >
6
7    <uses-sdk
8        android:minSdkVersion="21"
8-->src\main\AndroidManifest.xml
9        android:targetSdkVersion="32" />
9-->src\main\AndroidManifest.xml
10
11    <uses-permission android:name="android.permission.INTERNET" />
11-->src\main\AndroidManifest.xml:5:5-67
11-->src\main\AndroidManifest.xml:5:22-64
12    <uses-permission android:name="android.permission.WAKE_LOCK" />
12-->[:firebase_messaging] AndroidManifest.xml:8:5-68
12-->[:firebase_messaging] AndroidManifest.xml:8:22-65
13    <uses-permission android:name="android.permission.ACCESS_NETWORK_STATE" />
13-->[:firebase_messaging] AndroidManifest.xml:9:5-79
13-->[:firebase_messaging] AndroidManifest.xml:9:22-76
14    <uses-permission android:name="android.permission.RECEIVE_BOOT_COMPLETED" />
14-->[:flutter_local_notifications] AndroidManifest.xml:7:5-81
14-->[:flutter_local_notifications] AndroidManifest.xml:7:22-78
15    <uses-permission android:name="android.permission.VIBRATE" />
15-->[:flutter_local_notifications] AndroidManifest.xml:8:5-66
15-->[:flutter_local_notifications] AndroidManifest.xml:8:22-63
16    <uses-permission android:name="android.permission.USE_FULL_SCREEN_INTENT" />
16-->[:flutter_local_notifications] AndroidManifest.xml:9:5-81
16-->[:flutter_local_notifications] AndroidManifest.xml:9:22-78
17    <uses-permission android:name="android.permission.SCHEDULE_EXACT_ALARM" /> <!-- Required by older versions of Google Play services to create IID tokens -->
17-->[:flutter_local_notifications] AndroidManifest.xml:10:5-79
17-->[:flutter_local_notifications] AndroidManifest.xml:10:22-76
18    <uses-permission android:name="com.google.android.c2dm.permission.RECEIVE" />
18-->[com.google.firebase:firebase-messaging:23.0.4] AndroidManifest.xml:28:5-82
18-->[com.google.firebase:firebase-messaging:23.0.4] AndroidManifest.xml:28:22-79
19    <uses-permission android:name="com.google.android.gms.permission.AD_ID" />
19-->[com.google.android.gms:play-services-measurement-api:21.0.0] AndroidManifest.xml:25:5-79
19-->[com.google.android.gms:play-services-measurement-api:21.0.0] AndroidManifest.xml:25:22-76
20    <uses-permission android:name="com.google.android.finsky.permission.BIND_GET_INSTALL_REFERRER_SERVICE" />
20-->[com.google.android.gms:play-services-measurement:21.0.0] AndroidManifest.xml:26:5-110
20-->[com.google.android.gms:play-services-measurement:21.0.0] AndroidManifest.xml:26:22-107
21
22    <application
22-->src\main\AndroidManifest.xml:7:5-58:19
23        android:appComponentFactory="androidx.core.app.CoreComponentFactory"
23-->[androidx.core:core:1.6.0] AndroidManifest.xml:24:18-86
24        android:icon="@mipmap/ic_launcher"
24-->src\main\AndroidManifest.xml:8:9-43
25        android:label="DeliveryBoy Multivendor - eShop"
25-->src\main\AndroidManifest.xml:9:9-56
26        android:usesCleartextTraffic="true" >
26-->src\main\AndroidManifest.xml:10:9-44
27        <activity
27-->src\main\AndroidManifest.xml:11:9-36:20
28            android:name="com.deliveryboy.multivendor.MainActivity"
28-->src\main\AndroidManifest.xml:12:13-41
29            android:configChanges="orientation|keyboardHidden|keyboard|screenSize|smallestScreenSize|locale|layoutDirection|fontScale|screenLayout|density|uiMode"
29-->src\main\AndroidManifest.xml:13:13-163
30            android:exported="true"
30-->src\main\AndroidManifest.xml:14:13-36
31            android:hardwareAccelerated="true"
31-->src\main\AndroidManifest.xml:15:13-47
32            android:launchMode="singleTop"
32-->src\main\AndroidManifest.xml:16:13-43
33            android:theme="@style/LaunchTheme"
33-->src\main\AndroidManifest.xml:17:13-47
34            android:windowSoftInputMode="adjustResize" >
34-->src\main\AndroidManifest.xml:18:13-55
35
36            <!--
37                 Specifies an Android theme to apply to this Activity as soon as
38                 the Android process has started. This theme is visible to the user
39                 while the Flutter UI initializes. After that, this theme continues
40                 to determine the Window background behind the Flutter UI.
41            -->
42            <meta-data
42-->src\main\AndroidManifest.xml:23:13-25:57
43                android:name="io.flutter.embedding.android.NormalTheme"
43-->src\main\AndroidManifest.xml:24:17-72
44                android:resource="@style/NormalTheme" />
44-->src\main\AndroidManifest.xml:25:17-54
45
46            <intent-filter>
46-->src\main\AndroidManifest.xml:27:13-30:29
47                <action android:name="android.intent.action.MAIN" />
47-->src\main\AndroidManifest.xml:28:17-69
47-->src\main\AndroidManifest.xml:28:25-66
48
49                <category android:name="android.intent.category.LAUNCHER" />
49-->src\main\AndroidManifest.xml:29:17-77
49-->src\main\AndroidManifest.xml:29:27-74
50            </intent-filter>
51            <intent-filter>
51-->src\main\AndroidManifest.xml:32:13-35:29
52                <action android:name="FLUTTER_NOTIFICATION_CLICK" />
52-->src\main\AndroidManifest.xml:33:17-69
52-->src\main\AndroidManifest.xml:33:25-66
53
54                <category android:name="android.intent.category.DEFAULT" />
54-->src\main\AndroidManifest.xml:34:17-76
54-->src\main\AndroidManifest.xml:34:27-73
55            </intent-filter>
56        </activity>
57
58        <receiver
58-->src\main\AndroidManifest.xml:38:9-45:20
59            android:name="com.dexterous.flutterlocalnotifications.ScheduledNotificationBootReceiver"
59-->src\main\AndroidManifest.xml:39:13-101
60            android:exported="false" >
60-->src\main\AndroidManifest.xml:40:13-37
61            <intent-filter>
61-->src\main\AndroidManifest.xml:42:13-44:29
62                <action android:name="android.intent.action.BOOT_COMPLETED" />
62-->src\main\AndroidManifest.xml:43:17-86
62-->src\main\AndroidManifest.xml:43:25-76
63            </intent-filter>
64            <intent-filter>
64-->[:flutter_local_notifications] AndroidManifest.xml:19:13-24:29
65                <action android:name="android.intent.action.BOOT_COMPLETED" />
65-->src\main\AndroidManifest.xml:43:17-86
65-->src\main\AndroidManifest.xml:43:25-76
66                <action android:name="android.intent.action.MY_PACKAGE_REPLACED" />
66-->[:flutter_local_notifications] AndroidManifest.xml:21:17-84
66-->[:flutter_local_notifications] AndroidManifest.xml:21:25-81
67                <action android:name="android.intent.action.QUICKBOOT_POWERON" />
67-->[:flutter_local_notifications] AndroidManifest.xml:22:17-82
67-->[:flutter_local_notifications] AndroidManifest.xml:22:25-79
68                <action android:name="com.htc.intent.action.QUICKBOOT_POWERON" />
68-->[:flutter_local_notifications] AndroidManifest.xml:23:17-82
68-->[:flutter_local_notifications] AndroidManifest.xml:23:25-79
69            </intent-filter>
70        </receiver>
71        <!--
72             Don't delete the meta-data below.
73             This is used by the Flutter tool to generate GeneratedPluginRegistrant.java
74        -->
75
76        <meta-data
76-->src\main\AndroidManifest.xml:49:9-51:56
77            android:name="vn.hunghd.flutterdownloader.NOTIFICATION_ICON"
77-->src\main\AndroidManifest.xml:50:13-73
78            android:resource="@drawable/ic_launcher" />
78-->src\main\AndroidManifest.xml:51:13-53
79        <meta-data
79-->src\main\AndroidManifest.xml:52:9-54:56
80            android:name="com.google.firebase.messaging.default_notification_icon"
80-->src\main\AndroidManifest.xml:53:13-83
81            android:resource="@drawable/ic_launcher" />
81-->src\main\AndroidManifest.xml:54:13-53
82        <meta-data
82-->src\main\AndroidManifest.xml:55:9-57:33
83            android:name="flutterEmbedding"
83-->src\main\AndroidManifest.xml:56:13-44
84            android:value="2" />
84-->src\main\AndroidManifest.xml:57:13-30
85
86        <service
86-->[:firebase_auth] AndroidManifest.xml:8:9-12:19
87            android:name="com.google.firebase.components.ComponentDiscoveryService"
87-->[:firebase_auth] AndroidManifest.xml:8:18-89
88            android:directBootAware="true"
88-->[com.google.firebase:firebase-common:20.1.1] AndroidManifest.xml:35:13-43
89            android:exported="false" >
89-->[com.google.firebase:firebase-messaging:23.0.4] AndroidManifest.xml:54:13-37
90            <meta-data
90-->[:firebase_auth] AndroidManifest.xml:9:13-11:85
91                android:name="com.google.firebase.components:io.flutter.plugins.firebase.auth.FlutterFirebaseAuthRegistrar"
91-->[:firebase_auth] AndroidManifest.xml:10:17-124
92                android:value="com.google.firebase.components.ComponentRegistrar" />
92-->[:firebase_auth] AndroidManifest.xml:11:17-82
93            <meta-data
93-->[:firebase_messaging] AndroidManifest.xml:34:13-36:85
94                android:name="com.google.firebase.components:io.flutter.plugins.firebase.messaging.FlutterFirebaseAppRegistrar"
94-->[:firebase_messaging] AndroidManifest.xml:35:17-128
95                android:value="com.google.firebase.components.ComponentRegistrar" />
95-->[:firebase_messaging] AndroidManifest.xml:36:17-82
96            <meta-data
96-->[:firebase_core] AndroidManifest.xml:9:13-11:85
97                android:name="com.google.firebase.components:io.flutter.plugins.firebase.core.FlutterFirebaseCoreRegistrar"
97-->[:firebase_core] AndroidManifest.xml:10:17-124
98                android:value="com.google.firebase.components.ComponentRegistrar" />
98-->[:firebase_core] AndroidManifest.xml:11:17-82
99            <meta-data
99-->[com.google.firebase:firebase-messaging:23.0.4] AndroidManifest.xml:55:13-57:85
100                android:name="com.google.firebase.components:com.google.firebase.messaging.FirebaseMessagingRegistrar"
100-->[com.google.firebase:firebase-messaging:23.0.4] AndroidManifest.xml:56:17-119
101                android:value="com.google.firebase.components.ComponentRegistrar" />
101-->[com.google.firebase:firebase-messaging:23.0.4] AndroidManifest.xml:57:17-82
102            <meta-data
102-->[com.google.firebase:firebase-datatransport:18.1.3] AndroidManifest.xml:28:13-30:85
103                android:name="com.google.firebase.components:com.google.firebase.datatransport.TransportRegistrar"
103-->[com.google.firebase:firebase-datatransport:18.1.3] AndroidManifest.xml:29:17-115
104                android:value="com.google.firebase.components.ComponentRegistrar" />
104-->[com.google.firebase:firebase-datatransport:18.1.3] AndroidManifest.xml:30:17-82
105            <meta-data
105-->[com.google.firebase:firebase-auth:21.0.3] AndroidManifest.xml:67:13-69:85
106                android:name="com.google.firebase.components:com.google.firebase.auth.FirebaseAuthRegistrar"
106-->[com.google.firebase:firebase-auth:21.0.3] AndroidManifest.xml:68:17-109
107                android:value="com.google.firebase.components.ComponentRegistrar" />
107-->[com.google.firebase:firebase-auth:21.0.3] AndroidManifest.xml:69:17-82
108            <meta-data
108-->[com.google.android.gms:play-services-measurement-api:21.0.0] AndroidManifest.xml:31:13-33:85
109                android:name="com.google.firebase.components:com.google.firebase.analytics.connector.internal.AnalyticsConnectorRegistrar"
109-->[com.google.android.gms:play-services-measurement-api:21.0.0] AndroidManifest.xml:32:17-139
110                android:value="com.google.firebase.components.ComponentRegistrar" />
110-->[com.google.android.gms:play-services-measurement-api:21.0.0] AndroidManifest.xml:33:17-82
111            <meta-data
111-->[com.google.firebase:firebase-installations:17.0.1] AndroidManifest.xml:18:13-20:85
112                android:name="com.google.firebase.components:com.google.firebase.installations.FirebaseInstallationsRegistrar"
112-->[com.google.firebase:firebase-installations:17.0.1] AndroidManifest.xml:19:17-127
113                android:value="com.google.firebase.components.ComponentRegistrar" />
113-->[com.google.firebase:firebase-installations:17.0.1] AndroidManifest.xml:20:17-82
114        </service>
115        <service
115-->[:firebase_messaging] AndroidManifest.xml:12:9-15:72
116            android:name="io.flutter.plugins.firebase.messaging.FlutterFirebaseMessagingBackgroundService"
116-->[:firebase_messaging] AndroidManifest.xml:13:13-107
117            android:exported="false"
117-->[:firebase_messaging] AndroidManifest.xml:14:13-37
118            android:permission="android.permission.BIND_JOB_SERVICE" />
118-->[:firebase_messaging] AndroidManifest.xml:15:13-69
119        <service
119-->[:firebase_messaging] AndroidManifest.xml:16:9-22:19
120            android:name="io.flutter.plugins.firebase.messaging.FlutterFirebaseMessagingService"
120-->[:firebase_messaging] AndroidManifest.xml:17:13-97
121            android:exported="false" >
121-->[:firebase_messaging] AndroidManifest.xml:18:13-37
122            <intent-filter>
122-->[:firebase_messaging] AndroidManifest.xml:19:13-21:29
123                <action android:name="com.google.firebase.MESSAGING_EVENT" />
123-->[:firebase_messaging] AndroidManifest.xml:20:17-78
123-->[:firebase_messaging] AndroidManifest.xml:20:25-75
124            </intent-filter>
125        </service>
126
127        <receiver
127-->[:firebase_messaging] AndroidManifest.xml:24:9-31:20
128            android:name="io.flutter.plugins.firebase.messaging.FlutterFirebaseMessagingReceiver"
128-->[:firebase_messaging] AndroidManifest.xml:25:13-98
129            android:exported="true"
129-->[:firebase_messaging] AndroidManifest.xml:26:13-36
130            android:permission="com.google.android.c2dm.permission.SEND" >
130-->[:firebase_messaging] AndroidManifest.xml:27:13-73
131            <intent-filter>
131-->[:firebase_messaging] AndroidManifest.xml:28:13-30:29
132                <action android:name="com.google.android.c2dm.intent.RECEIVE" />
132-->[:firebase_messaging] AndroidManifest.xml:29:17-81
132-->[:firebase_messaging] AndroidManifest.xml:29:25-78
133            </intent-filter>
134        </receiver>
135
136        <provider
136-->[:firebase_messaging] AndroidManifest.xml:39:9-43:38
137            android:name="io.flutter.plugins.firebase.messaging.FlutterFirebaseMessagingInitProvider"
137-->[:firebase_messaging] AndroidManifest.xml:40:13-102
138            android:authorities="com.deliveryboy.multivendor.flutterfirebasemessaginginitprovider"
138-->[:firebase_messaging] AndroidManifest.xml:41:13-88
139            android:exported="false"
139-->[:firebase_messaging] AndroidManifest.xml:42:13-37
140            android:initOrder="99" />
140-->[:firebase_messaging] AndroidManifest.xml:43:13-35
141
142        <receiver
142-->[:flutter_local_notifications] AndroidManifest.xml:13:9-15:40
143            android:name="com.dexterous.flutterlocalnotifications.ScheduledNotificationReceiver"
143-->[:flutter_local_notifications] AndroidManifest.xml:14:13-97
144            android:exported="false" />
144-->[:flutter_local_notifications] AndroidManifest.xml:15:13-37
145
146        <activity
146-->[:url_launcher_android] AndroidManifest.xml:8:9-11:74
147            android:name="io.flutter.plugins.urllauncher.WebViewActivity"
147-->[:url_launcher_android] AndroidManifest.xml:9:13-74
148            android:exported="false"
148-->[:url_launcher_android] AndroidManifest.xml:10:13-37
149            android:theme="@android:style/Theme.NoTitleBar.Fullscreen" />
149-->[:url_launcher_android] AndroidManifest.xml:11:13-71
150
151        <uses-library
151-->[androidx.window:window:1.0.0-beta04] AndroidManifest.xml:25:9-27:40
152            android:name="androidx.window.extensions"
152-->[androidx.window:window:1.0.0-beta04] AndroidManifest.xml:26:13-54
153            android:required="false" />
153-->[androidx.window:window:1.0.0-beta04] AndroidManifest.xml:27:13-37
154        <uses-library
154-->[androidx.window:window:1.0.0-beta04] AndroidManifest.xml:28:9-30:40
155            android:name="androidx.window.sidecar"
155-->[androidx.window:window:1.0.0-beta04] AndroidManifest.xml:29:13-51
156            android:required="false" />
156-->[androidx.window:window:1.0.0-beta04] AndroidManifest.xml:30:13-37
157
158        <receiver
158-->[com.google.firebase:firebase-messaging:23.0.4] AndroidManifest.xml:31:9-38:20
159            android:name="com.google.firebase.iid.FirebaseInstanceIdReceiver"
159-->[com.google.firebase:firebase-messaging:23.0.4] AndroidManifest.xml:32:13-78
160            android:exported="true"
160-->[com.google.firebase:firebase-messaging:23.0.4] AndroidManifest.xml:33:13-36
161            android:permission="com.google.android.c2dm.permission.SEND" >
161-->[com.google.firebase:firebase-messaging:23.0.4] AndroidManifest.xml:34:13-73
162            <intent-filter>
162-->[:firebase_messaging] AndroidManifest.xml:28:13-30:29
163                <action android:name="com.google.android.c2dm.intent.RECEIVE" />
163-->[:firebase_messaging] AndroidManifest.xml:29:17-81
163-->[:firebase_messaging] AndroidManifest.xml:29:25-78
164            </intent-filter>
165        </receiver>
166        <!--
167             FirebaseMessagingService performs security checks at runtime,
168             but set to not exported to explicitly avoid allowing another app to call it.
169        -->
170        <service
170-->[com.google.firebase:firebase-messaging:23.0.4] AndroidManifest.xml:44:9-51:19
171            android:name="com.google.firebase.messaging.FirebaseMessagingService"
171-->[com.google.firebase:firebase-messaging:23.0.4] AndroidManifest.xml:45:13-82
172            android:directBootAware="true"
172-->[com.google.firebase:firebase-messaging:23.0.4] AndroidManifest.xml:46:13-43
173            android:exported="false" >
173-->[com.google.firebase:firebase-messaging:23.0.4] AndroidManifest.xml:47:13-37
174            <intent-filter android:priority="-500" >
174-->[:firebase_messaging] AndroidManifest.xml:19:13-21:29
175                <action android:name="com.google.firebase.MESSAGING_EVENT" />
175-->[:firebase_messaging] AndroidManifest.xml:20:17-78
175-->[:firebase_messaging] AndroidManifest.xml:20:25-75
176            </intent-filter>
177        </service>
178        <service
178-->[com.google.android.datatransport:transport-backend-cct:3.1.4] AndroidManifest.xml:29:9-35:19
179            android:name="com.google.android.datatransport.runtime.backends.TransportBackendDiscovery"
179-->[com.google.android.datatransport:transport-backend-cct:3.1.4] AndroidManifest.xml:30:13-103
180            android:exported="false" >
180-->[com.google.android.datatransport:transport-backend-cct:3.1.4] AndroidManifest.xml:31:13-37
181            <meta-data
181-->[com.google.android.datatransport:transport-backend-cct:3.1.4] AndroidManifest.xml:32:13-34:39
182                android:name="backend:com.google.android.datatransport.cct.CctBackendFactory"
182-->[com.google.android.datatransport:transport-backend-cct:3.1.4] AndroidManifest.xml:33:17-94
183                android:value="cct" />
183-->[com.google.android.datatransport:transport-backend-cct:3.1.4] AndroidManifest.xml:34:17-36
184        </service>
185        <service
185-->[com.google.android.datatransport:transport-runtime:3.1.4] AndroidManifest.xml:26:9-30:19
186            android:name="com.google.android.datatransport.runtime.scheduling.jobscheduling.JobInfoSchedulerService"
186-->[com.google.android.datatransport:transport-runtime:3.1.4] AndroidManifest.xml:27:13-117
187            android:exported="false"
187-->[com.google.android.datatransport:transport-runtime:3.1.4] AndroidManifest.xml:28:13-37
188            android:permission="android.permission.BIND_JOB_SERVICE" >
188-->[com.google.android.datatransport:transport-runtime:3.1.4] AndroidManifest.xml:29:13-69
189        </service>
190
191        <receiver
191-->[com.google.android.datatransport:transport-runtime:3.1.4] AndroidManifest.xml:32:9-34:40
192            android:name="com.google.android.datatransport.runtime.scheduling.jobscheduling.AlarmManagerSchedulerBroadcastReceiver"
192-->[com.google.android.datatransport:transport-runtime:3.1.4] AndroidManifest.xml:33:13-132
193            android:exported="false" />
193-->[com.google.android.datatransport:transport-runtime:3.1.4] AndroidManifest.xml:34:13-37
194
195        <activity
195-->[com.google.firebase:firebase-auth:21.0.3] AndroidManifest.xml:27:9-44:20
196            android:name="com.google.firebase.auth.internal.GenericIdpActivity"
196-->[com.google.firebase:firebase-auth:21.0.3] AndroidManifest.xml:28:13-80
197            android:excludeFromRecents="true"
197-->[com.google.firebase:firebase-auth:21.0.3] AndroidManifest.xml:29:13-46
198            android:exported="true"
198-->[com.google.firebase:firebase-auth:21.0.3] AndroidManifest.xml:30:13-36
199            android:launchMode="singleTask"
199-->[com.google.firebase:firebase-auth:21.0.3] AndroidManifest.xml:31:13-44
200            android:theme="@android:style/Theme.Translucent.NoTitleBar" >
200-->[com.google.firebase:firebase-auth:21.0.3] AndroidManifest.xml:32:13-72
201            <intent-filter>
201-->[com.google.firebase:firebase-auth:21.0.3] AndroidManifest.xml:33:13-43:29
202                <action android:name="android.intent.action.VIEW" />
202-->[com.google.firebase:firebase-auth:21.0.3] AndroidManifest.xml:34:17-69
202-->[com.google.firebase:firebase-auth:21.0.3] AndroidManifest.xml:34:25-66
203
204                <category android:name="android.intent.category.DEFAULT" />
204-->src\main\AndroidManifest.xml:34:17-76
204-->src\main\AndroidManifest.xml:34:27-73
205                <category android:name="android.intent.category.BROWSABLE" />
205-->[com.google.firebase:firebase-auth:21.0.3] AndroidManifest.xml:37:17-78
205-->[com.google.firebase:firebase-auth:21.0.3] AndroidManifest.xml:37:27-75
206
207                <data
207-->[com.google.firebase:firebase-auth:21.0.3] AndroidManifest.xml:39:17-42:51
208                    android:host="firebase.auth"
208-->[com.google.firebase:firebase-auth:21.0.3] AndroidManifest.xml:40:21-49
209                    android:path="/"
209-->[com.google.firebase:firebase-auth:21.0.3] AndroidManifest.xml:41:21-37
210                    android:scheme="genericidp" />
210-->[com.google.firebase:firebase-auth:21.0.3] AndroidManifest.xml:42:21-48
211            </intent-filter>
212        </activity>
213        <activity
213-->[com.google.firebase:firebase-auth:21.0.3] AndroidManifest.xml:45:9-62:20
214            android:name="com.google.firebase.auth.internal.RecaptchaActivity"
214-->[com.google.firebase:firebase-auth:21.0.3] AndroidManifest.xml:46:13-79
215            android:excludeFromRecents="true"
215-->[com.google.firebase:firebase-auth:21.0.3] AndroidManifest.xml:47:13-46
216            android:exported="true"
216-->[com.google.firebase:firebase-auth:21.0.3] AndroidManifest.xml:48:13-36
217            android:launchMode="singleTask"
217-->[com.google.firebase:firebase-auth:21.0.3] AndroidManifest.xml:49:13-44
218            android:theme="@android:style/Theme.Translucent.NoTitleBar" >
218-->[com.google.firebase:firebase-auth:21.0.3] AndroidManifest.xml:50:13-72
219            <intent-filter>
219-->[com.google.firebase:firebase-auth:21.0.3] AndroidManifest.xml:51:13-61:29
220                <action android:name="android.intent.action.VIEW" />
220-->[com.google.firebase:firebase-auth:21.0.3] AndroidManifest.xml:34:17-69
220-->[com.google.firebase:firebase-auth:21.0.3] AndroidManifest.xml:34:25-66
221
222                <category android:name="android.intent.category.DEFAULT" />
222-->src\main\AndroidManifest.xml:34:17-76
222-->src\main\AndroidManifest.xml:34:27-73
223                <category android:name="android.intent.category.BROWSABLE" />
223-->[com.google.firebase:firebase-auth:21.0.3] AndroidManifest.xml:37:17-78
223-->[com.google.firebase:firebase-auth:21.0.3] AndroidManifest.xml:37:27-75
224
225                <data
225-->[com.google.firebase:firebase-auth:21.0.3] AndroidManifest.xml:39:17-42:51
226                    android:host="firebase.auth"
226-->[com.google.firebase:firebase-auth:21.0.3] AndroidManifest.xml:40:21-49
227                    android:path="/"
227-->[com.google.firebase:firebase-auth:21.0.3] AndroidManifest.xml:41:21-37
228                    android:scheme="recaptcha" />
228-->[com.google.firebase:firebase-auth:21.0.3] AndroidManifest.xml:42:21-48
229            </intent-filter>
230        </activity>
231
232        <provider
232-->[com.google.firebase:firebase-common:20.1.1] AndroidManifest.xml:26:9-31:39
233            android:name="com.google.firebase.provider.FirebaseInitProvider"
233-->[com.google.firebase:firebase-common:20.1.1] AndroidManifest.xml:27:13-77
234            android:authorities="com.deliveryboy.multivendor.firebaseinitprovider"
234-->[com.google.firebase:firebase-common:20.1.1] AndroidManifest.xml:28:13-72
235            android:directBootAware="true"
235-->[com.google.firebase:firebase-common:20.1.1] AndroidManifest.xml:29:13-43
236            android:exported="false"
236-->[com.google.firebase:firebase-common:20.1.1] AndroidManifest.xml:30:13-37
237            android:initOrder="100" />
237-->[com.google.firebase:firebase-common:20.1.1] AndroidManifest.xml:31:13-36
238
239        <activity
239-->[com.google.android.gms:play-services-auth:19.2.0] AndroidManifest.xml:23:9-27:75
240            android:name="com.google.android.gms.auth.api.signin.internal.SignInHubActivity"
240-->[com.google.android.gms:play-services-auth:19.2.0] AndroidManifest.xml:24:13-93
241            android:excludeFromRecents="true"
241-->[com.google.android.gms:play-services-auth:19.2.0] AndroidManifest.xml:25:13-46
242            android:exported="false"
242-->[com.google.android.gms:play-services-auth:19.2.0] AndroidManifest.xml:26:13-37
243            android:theme="@android:style/Theme.Translucent.NoTitleBar" />
243-->[com.google.android.gms:play-services-auth:19.2.0] AndroidManifest.xml:27:13-72
244        <!--
245            Service handling Google Sign-In user revocation. For apps that do not integrate with
246            Google Sign-In, this service will never be started.
247        -->
248        <service
248-->[com.google.android.gms:play-services-auth:19.2.0] AndroidManifest.xml:33:9-37:51
249            android:name="com.google.android.gms.auth.api.signin.RevocationBoundService"
249-->[com.google.android.gms:play-services-auth:19.2.0] AndroidManifest.xml:34:13-89
250            android:exported="true"
250-->[com.google.android.gms:play-services-auth:19.2.0] AndroidManifest.xml:35:13-36
251            android:permission="com.google.android.gms.auth.api.signin.permission.REVOCATION_NOTIFICATION"
251-->[com.google.android.gms:play-services-auth:19.2.0] AndroidManifest.xml:36:13-107
252            android:visibleToInstantApps="true" />
252-->[com.google.android.gms:play-services-auth:19.2.0] AndroidManifest.xml:37:13-48
253
254        <receiver
254-->[com.google.android.gms:play-services-measurement:21.0.0] AndroidManifest.xml:29:9-33:20
255            android:name="com.google.android.gms.measurement.AppMeasurementReceiver"
255-->[com.google.android.gms:play-services-measurement:21.0.0] AndroidManifest.xml:30:13-85
256            android:enabled="true"
256-->[com.google.android.gms:play-services-measurement:21.0.0] AndroidManifest.xml:31:13-35
257            android:exported="false" >
257-->[com.google.android.gms:play-services-measurement:21.0.0] AndroidManifest.xml:32:13-37
258        </receiver>
259
260        <service
260-->[com.google.android.gms:play-services-measurement:21.0.0] AndroidManifest.xml:35:9-38:40
261            android:name="com.google.android.gms.measurement.AppMeasurementService"
261-->[com.google.android.gms:play-services-measurement:21.0.0] AndroidManifest.xml:36:13-84
262            android:enabled="true"
262-->[com.google.android.gms:play-services-measurement:21.0.0] AndroidManifest.xml:37:13-35
263            android:exported="false" />
263-->[com.google.android.gms:play-services-measurement:21.0.0] AndroidManifest.xml:38:13-37
264        <service
264-->[com.google.android.gms:play-services-measurement:21.0.0] AndroidManifest.xml:39:9-43:72
265            android:name="com.google.android.gms.measurement.AppMeasurementJobService"
265-->[com.google.android.gms:play-services-measurement:21.0.0] AndroidManifest.xml:40:13-87
266            android:enabled="true"
266-->[com.google.android.gms:play-services-measurement:21.0.0] AndroidManifest.xml:41:13-35
267            android:exported="false"
267-->[com.google.android.gms:play-services-measurement:21.0.0] AndroidManifest.xml:42:13-37
268            android:permission="android.permission.BIND_JOB_SERVICE" />
268-->[com.google.android.gms:play-services-measurement:21.0.0] AndroidManifest.xml:43:13-69
269
270        <activity
270-->[com.google.android.gms:play-services-base:18.0.1] AndroidManifest.xml:20:9-22:45
271            android:name="com.google.android.gms.common.api.GoogleApiActivity"
271-->[com.google.android.gms:play-services-base:18.0.1] AndroidManifest.xml:20:19-85
272            android:exported="false"
272-->[com.google.android.gms:play-services-base:18.0.1] AndroidManifest.xml:22:19-43
273            android:theme="@android:style/Theme.Translucent.NoTitleBar" />
273-->[com.google.android.gms:play-services-base:18.0.1] AndroidManifest.xml:21:19-78
274
275        <meta-data
275-->[com.google.android.gms:play-services-basement:18.0.0] AndroidManifest.xml:21:9-23:69
276            android:name="com.google.android.gms.version"
276-->[com.google.android.gms:play-services-basement:18.0.0] AndroidManifest.xml:22:13-58
277            android:value="@integer/google_play_services_version" />
277-->[com.google.android.gms:play-services-basement:18.0.0] AndroidManifest.xml:23:13-66
278    </application>
279
280</manifest>